2021-11-06 14:18:32,714 ERROR HomeService.java:108 : Error while patching the feed entries for http://ngrinder.642.n7.nabble.com/ngrinder-user-en-f50.xml : ngrinder.642.n7.nabble.com
2021-11-06 14:18:36,748 INFO  FrameworkServlet.java:488 : FrameworkServlet 'appServlet': initialization started
2021-11-06 14:18:39,287 INFO  FrameworkServlet.java:507 : FrameworkServlet 'appServlet': initialization completed in 2537 ms
2021-11-07 02:25:54,006 ERROR HomeService.java:108 : Error while patching the feed entries for http://ngrinder.642.n7.nabble.com/ngrinder-user-en-f50.xml : ngrinder.642.n7.nabble.com
2021-11-07 02:25:58,189 INFO  FrameworkServlet.java:488 : FrameworkServlet 'appServlet': initialization started
2021-11-07 02:26:01,231 INFO  FrameworkServlet.java:507 : FrameworkServlet 'appServlet': initialization completed in 3041 ms
2021-11-07 04:42:33,998 ERROR HomeService.java:108 : Error while patching the feed entries for http://ngrinder.642.n7.nabble.com/ngrinder-user-en-f50.xml : ngrinder.642.n7.nabble.com
2021-11-07 04:42:39,368 INFO  FrameworkServlet.java:488 : FrameworkServlet 'appServlet': initialization started
2021-11-07 04:42:44,648 INFO  FrameworkServlet.java:507 : FrameworkServlet 'appServlet': initialization completed in 5278 ms
2021-11-07 05:22:05,225 ERROR HomeService.java:108 : Error while patching the feed entries for http://ngrinder.642.n7.nabble.com/ngrinder-user-en-f50.xml : ngrinder.642.n7.nabble.com
2021-11-07 05:22:12,144 INFO  FrameworkServlet.java:488 : FrameworkServlet 'appServlet': initialization started
2021-11-07 05:22:18,257 INFO  FrameworkServlet.java:507 : FrameworkServlet 'appServlet': initialization completed in 6110 ms
2021-11-07 05:22:25,830 INFO  HomeController.java:262 : Login Failure No authentication
2021-11-07 05:22:37,808 INFO  NGrinderAuthenticationProvider.java:111 : admin is logined by org.ngrinder.security.DefaultLoginPlugin
2021-11-07 05:22:38,098 ERROR HomeService.java:108 : Error while patching the feed entries for http://ngrinder.642.n7.nabble.com/ngrinder-user-en-f50.xml : ngrinder.642.n7.nabble.com
2021-11-07 05:26:35,391 ERROR FileEntryRepository.java:356 : Error while saving file to SVN
org.tmatesoft.svn.core.SVNException: svn: E204899: Cannot rename file '/opt/ngrinder-controller/repos/admin/db/transactions/0-2w.txn/props.a2d7dcf8-7c01-0010-94c2-2d848f252c44.tmp' to '/opt/ngrinder-controller/repos/admin/db/transactions/0-2w.txn/props'
	at org.tmatesoft.svn.core.internal.wc.SVNErrorManager.error(SVNErrorManager.java:64) ~[svnkit-1.8.3-scm1.jar:na]
	at org.tmatesoft.svn.core.internal.wc.SVNFileUtil.rename(SVNFileUtil.java:737) ~[svnkit-1.8.3-scm1.jar:na]
	at org.tmatesoft.svn.core.internal.wc.SVNWCProperties.setPropertyValue(SVNWCProperties.java:287) ~[svnkit-1.8.3-scm1.jar:na]
	at org.tmatesoft.svn.core.internal.wc.SVNWCProperties.setPropertyValue(SVNWCProperties.java:265) ~[svnkit-1.8.3-scm1.jar:na]
	at org.tmatesoft.svn.core.internal.io.fs.FSFS.setTransactionProperty(FSFS.java:1117) ~[svnkit-1.8.3-scm1.jar:na]
	at org.tmatesoft.svn.core.internal.io.fs.FSTransactionRoot.beginTransaction(FSTransactionRoot.java:188) ~[svnkit-1.8.3-scm1.jar:na]
	at org.tmatesoft.svn.core.internal.io.fs.FSTransactionRoot.beginTransactionForCommit(FSTransactionRoot.java:173) ~[svnkit-1.8.3-scm1.jar:na]
	at org.tmatesoft.svn.core.internal.io.fs.FSCommitEditor.openRoot(FSCommitEditor.java:94) ~[svnkit-1.8.3-scm1.jar:na]
	at org.ngrinder.script.repository.FileEntryRepository.save(FileEntryRepository.java:311) ~[classes/:na]
	at org.ngrinder.script.service.FileEntryService.save(FileEntryService.java:248) [classes/:na]
	at org.ngrinder.script.service.FileEntryService.prepareNewEntryForQuickTest(FileEntryService.java:347) [classes/:na]
	at org.ngrinder.script.service.FileEntryService$$FastClassBySpringCGLIB$$37087bea.invoke(<generated>) [classes/:na]
	at org.springframework.cglib.proxy.MethodProxy.invoke(MethodProxy.java:204) [spring-core-4.2.5.RELEASE.jar:4.2.5.RELEASE]
	at org.springframework.aop.framework.CglibAopProxy$DynamicAdvisedInterceptor.intercept(CglibAopProxy.java:651) [spring-aop-4.2.5.RELEASE.jar:4.2.5.RELEASE]
	at org.ngrinder.script.service.FileEntryService$$EnhancerBySpringCGLIB$$3550eed7.prepareNewEntryForQuickTest(<generated>) [classes/:na]
	at org.ngrinder.perftest.controller.PerfTestController.getQuickStart(PerfTestController.java:282) [classes/:na]
	at sun.reflect.NativeMethodAccessorImpl.invoke0(Native Method) ~[na:1.8.0_92]
	at sun.reflect.NativeMethodAccessorImpl.invoke(NativeMethodAccessorImpl.java:62) ~[na:1.8.0_92]
	at sun.reflect.DelegatingMethodAccessorImpl.invoke(DelegatingMethodAccessorImpl.java:43) ~[na:1.8.0_92]
	at java.lang.reflect.Method.invoke(Method.java:498) ~[na:1.8.0_92]
	at org.springframework.web.method.support.InvocableHandlerMethod.doInvoke(InvocableHandlerMethod.java:221) [spring-web-4.2.5.RELEASE.jar:4.2.5.RELEASE]
	at org.springframework.web.method.support.InvocableHandlerMethod.invokeForRequest(InvocableHandlerMethod.java:136) [spring-web-4.2.5.RELEASE.jar:4.2.5.RELEASE]
	at org.springframework.web.servlet.mvc.method.annotation.ServletInvocableHandlerMethod.invokeAndHandle(ServletInvocableHandlerMethod.java:110) [spring-webmvc-4.2.5.RELEASE.jar:4.2.5.RELEASE]
	at org.springframework.web.servlet.mvc.method.annotation.RequestMappingHandlerAdapter.invokeHandlerMethod(RequestMappingHandlerAdapter.java:817) [spring-webmvc-4.2.5.RELEASE.jar:4.2.5.RELEASE]
	at org.springframework.web.servlet.mvc.method.annotation.RequestMappingHandlerAdapter.handleInternal(RequestMappingHandlerAdapter.java:731) [spring-webmvc-4.2.5.RELEASE.jar:4.2.5.RELEASE]
	at org.springframework.web.servlet.mvc.method.AbstractHandlerMethodAdapter.handle(AbstractHandlerMethodAdapter.java:85) [spring-webmvc-4.2.5.RELEASE.jar:4.2.5.RELEASE]
	at org.springframework.web.servlet.DispatcherServlet.doDispatch(DispatcherServlet.java:959) [spring-webmvc-4.2.5.RELEASE.jar:4.2.5.RELEASE]
	at org.springframework.web.servlet.DispatcherServlet.doService(DispatcherServlet.java:893) [spring-webmvc-4.2.5.RELEASE.jar:4.2.5.RELEASE]
	at org.springframework.web.servlet.FrameworkServlet.processRequest(FrameworkServlet.java:968) [spring-webmvc-4.2.5.RELEASE.jar:4.2.5.RELEASE]
	at org.springframework.web.servlet.FrameworkServlet.doPost(FrameworkServlet.java:870) [spring-webmvc-4.2.5.RELEASE.jar:4.2.5.RELEASE]
	at javax.servlet.http.HttpServlet.service(HttpServlet.java:707) [ngrinder-controller-3.4.war:na]
	at org.springframework.web.servlet.FrameworkServlet.service(FrameworkServlet.java:844) [spring-webmvc-4.2.5.RELEASE.jar:4.2.5.RELEASE]
	at javax.servlet.http.HttpServlet.service(HttpServlet.java:790) [ngrinder-controller-3.4.war:na]
	at org.eclipse.jetty.servlet.ServletHolder.handle(ServletHolder.java:812) [ngrinder-controller-3.4.war:na]
	at org.eclipse.jetty.servlet.ServletHandler$CachedChain.doFilter(ServletHandler.java:1669) [ngrinder-controller-3.4.war:na]
	at org.springframework.security.web.FilterChainProxy$VirtualFilterChain.doFilter(FilterChainProxy.java:316) [spring-security-web-4.0.4.RELEASE.jar:4.0.4.RELEASE]
	at org.springframework.security.web.access.intercept.FilterSecurityInterceptor.invoke(FilterSecurityInterceptor.java:126) [spring-security-web-4.0.4.RELEASE.jar:4.0.4.RELEASE]
	at org.springframework.security.web.access.intercept.FilterSecurityInterceptor.doFilter(FilterSecurityInterceptor.java:90) [spring-security-web-4.0.4.RELEASE.jar:4.0.4.RELEASE]
	at org.springframework.security.web.FilterChainProxy$VirtualFilterChain.doFilter(FilterChainProxy.java:330) [spring-security-web-4.0.4.RELEASE.jar:4.0.4.RELEASE]
	at org.springframework.security.web.access.ExceptionTranslationFilter.doFilter(ExceptionTranslationFilter.java:114) [spring-security-web-4.0.4.RELEASE.jar:4.0.4.RELEASE]
	at org.springframework.security.web.FilterChainProxy$VirtualFilterChain.doFilter(FilterChainProxy.java:330) [spring-security-web-4.0.4.RELEASE.jar:4.0.4.RELEASE]
	at org.springframework.security.web.session.SessionManagementFilter.doFilter(SessionManagementFilter.java:122) [spring-security-web-4.0.4.RELEASE.jar:4.0.4.RELEASE]
	at org.springframework.security.web.FilterChainProxy$VirtualFilterChain.doFilter(FilterChainProxy.java:330) [spring-security-web-4.0.4.RELEASE.jar:4.0.4.RELEASE]
	at org.springframework.security.web.authentication.AnonymousAuthenticationFilter.doFilter(AnonymousAuthenticationFilter.java:111) [spring-security-web-4.0.4.RELEASE.jar:4.0.4.RELEASE]
	at org.springframework.security.web.FilterChainProxy$VirtualFilterChain.doFilter(FilterChainProxy.java:330) [spring-security-web-4.0.4.RELEASE.jar:4.0.4.RELEASE]
	at org.springframework.security.web.authentication.rememberme.RememberMeAuthenticationFilter.doFilter(RememberMeAuthenticationFilter.java:157) [spring-security-web-4.0.4.RELEASE.jar:4.0.4.RELEASE]
	at org.springframework.security.web.FilterChainProxy$VirtualFilterChain.doFilter(FilterChainProxy.java:330) [spring-security-web-4.0.4.RELEASE.jar:4.0.4.RELEASE]
	at org.springframework.security.web.servletapi.SecurityContextHolderAwareRequestFilter.doFilter(SecurityContextHolderAwareRequestFilter.java:169) [spring-security-web-4.0.4.RELEASE.jar:4.0.4.RELEASE]
	at org.springframework.security.web.FilterChainProxy$VirtualFilterChain.doFilter(FilterChainProxy.java:330) [spring-security-web-4.0.4.RELEASE.jar:4.0.4.RELEASE]
	at org.springframework.security.web.savedrequest.RequestCacheAwareFilter.doFilter(RequestCacheAwareFilter.java:48) [spring-security-web-4.0.4.RELEASE.jar:4.0.4.RELEASE]
	at org.springframework.security.web.FilterChainProxy$VirtualFilterChain.doFilter(FilterChainProxy.java:330) [spring-security-web-4.0.4.RELEASE.jar:4.0.4.RELEASE]
	at org.springframework.security.web.authentication.www.BasicAuthenticationFilter.doFilterInternal(BasicAuthenticationFilter.java:158) [spring-security-web-4.0.4.RELEASE.jar:4.0.4.RELEASE]
	at org.springframework.web.filter.OncePerRequestFilter.doFilter(OncePerRequestFilter.java:107) [spring-web-4.2.5.RELEASE.jar:4.2.5.RELEASE]
	at org.springframework.security.web.FilterChainProxy$VirtualFilterChain.doFilter(FilterChainProxy.java:330) [spring-security-web-4.0.4.RELEASE.jar:4.0.4.RELEASE]
	at org.springframework.security.web.authentication.AbstractAuthenticationProcessingFilter.doFilter(AbstractAuthenticationProcessingFilter.java:205) [spring-security-web-4.0.4.RELEASE.jar:4.0.4.RELEASE]
	at org.springframework.security.web.FilterChainProxy$VirtualFilterChain.doFilter(FilterChainProxy.java:330) [spring-security-web-4.0.4.RELEASE.jar:4.0.4.RELEASE]
	at org.springframework.web.filter.CompositeFilter$VirtualFilterChain.doFilter(CompositeFilter.java:107) [spring-web-4.2.5.RELEASE.jar:4.2.5.RELEASE]
	at org.springframework.web.filter.CompositeFilter.doFilter(CompositeFilter.java:73) [spring-web-4.2.5.RELEASE.jar:4.2.5.RELEASE]
	at org.ngrinder.security.PluggablePreAuthFilter.doFilter(PluggablePreAuthFilter.java:69) [classes/:na]
	at org.springframework.security.web.FilterChainProxy$VirtualFilterChain.doFilter(FilterChainProxy.java:330) [spring-security-web-4.0.4.RELEASE.jar:4.0.4.RELEASE]
	at org.springframework.security.web.authentication.logout.LogoutFilter.doFilter(LogoutFilter.java:120) [spring-security-web-4.0.4.RELEASE.jar:4.0.4.RELEASE]
	at org.springframework.security.web.FilterChainProxy$VirtualFilterChain.doFilter(FilterChainProxy.java:330) [spring-security-web-4.0.4.RELEASE.jar:4.0.4.RELEASE]
	at org.springframework.security.web.header.HeaderWriterFilter.doFilterInternal(HeaderWriterFilter.java:64) [spring-security-web-4.0.4.RELEASE.jar:4.0.4.RELEASE]
	at org.springframework.web.filter.OncePerRequestFilter.doFilter(OncePerRequestFilter.java:107) [spring-web-4.2.5.RELEASE.jar:4.2.5.RELEASE]
	at org.springframework.security.web.FilterChainProxy$VirtualFilterChain.doFilter(FilterChainProxy.java:330) [spring-security-web-4.0.4.RELEASE.jar:4.0.4.RELEASE]
	at org.springframework.security.web.context.request.async.WebAsyncManagerIntegrationFilter.doFilterInternal(WebAsyncManagerIntegrationFilter.java:53) [spring-security-web-4.0.4.RELEASE.jar:4.0.4.RELEASE]
	at org.springframework.web.filter.OncePerRequestFilter.doFilter(OncePerRequestFilter.java:107) [spring-web-4.2.5.RELEASE.jar:4.2.5.RELEASE]
	at org.springframework.security.web.FilterChainProxy$VirtualFilterChain.doFilter(FilterChainProxy.java:330) [spring-security-web-4.0.4.RELEASE.jar:4.0.4.RELEASE]
	at org.springframework.security.web.context.SecurityContextPersistenceFilter.doFilter(SecurityContextPersistenceFilter.java:91) [spring-security-web-4.0.4.RELEASE.jar:4.0.4.RELEASE]
	at org.springframework.security.web.FilterChainProxy$VirtualFilterChain.doFilter(FilterChainProxy.java:330) [spring-security-web-4.0.4.RELEASE.jar:4.0.4.RELEASE]
	at org.springframework.security.web.FilterChainProxy.doFilterInternal(FilterChainProxy.java:213) [spring-security-web-4.0.4.RELEASE.jar:4.0.4.RELEASE]
	at org.springframework.security.web.FilterChainProxy.doFilter(FilterChainProxy.java:176) [spring-security-web-4.0.4.RELEASE.jar:4.0.4.RELEASE]
	at org.springframework.web.filter.DelegatingFilterProxy.invokeDelegate(DelegatingFilterProxy.java:346) [spring-web-4.2.5.RELEASE.jar:4.2.5.RELEASE]
	at org.springframework.web.filter.DelegatingFilterProxy.doFilter(DelegatingFilterProxy.java:262) [spring-web-4.2.5.RELEASE.jar:4.2.5.RELEASE]
	at org.eclipse.jetty.servlet.ServletHandler$CachedChain.doFilter(ServletHandler.java:1652) [ngrinder-controller-3.4.war:na]
	at org.springframework.web.filter.CompositeFilter$VirtualFilterChain.doFilter(CompositeFilter.java:107) [spring-web-4.2.5.RELEASE.jar:4.2.5.RELEASE]
	at org.springframework.web.filter.CompositeFilter.doFilter(CompositeFilter.java:73) [spring-web-4.2.5.RELEASE.jar:4.2.5.RELEASE]
	at org.ngrinder.infra.servlet.PluggableServletFilter.doFilter(PluggableServletFilter.java:70) [classes/:na]
	at org.springframework.web.filter.DelegatingFilterProxy.invokeDelegate(DelegatingFilterProxy.java:346) [spring-web-4.2.5.RELEASE.jar:4.2.5.RELEASE]
	at org.springframework.web.filter.DelegatingFilterProxy.doFilter(DelegatingFilterProxy.java:262) [spring-web-4.2.5.RELEASE.jar:4.2.5.RELEASE]
	at org.eclipse.jetty.servlet.ServletHandler$CachedChain.doFilter(ServletHandler.java:1652) [ngrinder-controller-3.4.war:na]
	at org.springframework.web.filter.HiddenHttpMethodFilter.doFilterInternal(HiddenHttpMethodFilter.java:77) [spring-web-4.2.5.RELEASE.jar:4.2.5.RELEASE]
	at org.springframework.web.filter.OncePerRequestFilter.doFilter(OncePerRequestFilter.java:107) [spring-web-4.2.5.RELEASE.jar:4.2.5.RELEASE]
	at org.eclipse.jetty.servlet.ServletHandler$CachedChain.doFilter(ServletHandler.java:1652) [ngrinder-controller-3.4.war:na]
	at org.springframework.orm.jpa.support.OpenEntityManagerInViewFilter.doFilterInternal(OpenEntityManagerInViewFilter.java:178) [spring-orm-4.2.5.RELEASE.jar:4.2.5.RELEASE]
	at org.springframework.web.filter.OncePerRequestFilter.doFilter(OncePerRequestFilter.java:107) [spring-web-4.2.5.RELEASE.jar:4.2.5.RELEASE]
	at org.eclipse.jetty.servlet.ServletHandler$CachedChain.doFilter(ServletHandler.java:1652) [ngrinder-controller-3.4.war:na]
	at org.springframework.web.filter.HttpPutFormContentFilter.doFilterInternal(HttpPutFormContentFilter.java:87) [spring-web-4.2.5.RELEASE.jar:4.2.5.RELEASE]
	at org.springframework.web.filter.OncePerRequestFilter.doFilter(OncePerRequestFilter.java:107) [spring-web-4.2.5.RELEASE.jar:4.2.5.RELEASE]
	at org.eclipse.jetty.servlet.ServletHandler$CachedChain.doFilter(ServletHandler.java:1652) [ngrinder-controller-3.4.war:na]
	at com.navercorp.lucy.security.xss.servletfilter.XssEscapeServletFilter.doFilter(XssEscapeServletFilter.java:36) [lucy-xss-servlet-2.0.0.jar:na]
	at org.eclipse.jetty.servlet.ServletHandler$CachedChain.doFilter(ServletHandler.java:1652) [ngrinder-controller-3.4.war:na]
	at org.springframework.web.filter.CharacterEncodingFilter.doFilterInternal(CharacterEncodingFilter.java:121) [spring-web-4.2.5.RELEASE.jar:4.2.5.RELEASE]
	at org.springframework.web.filter.OncePerRequestFilter.doFilter(OncePerRequestFilter.java:107) [spring-web-4.2.5.RELEASE.jar:4.2.5.RELEASE]
	at org.eclipse.jetty.servlet.ServletHandler$CachedChain.doFilter(ServletHandler.java:1652) [ngrinder-controller-3.4.war:na]
	at org.eclipse.jetty.servlet.ServletHandler.doHandle(ServletHandler.java:585) [ngrinder-controller-3.4.war:na]
	at org.eclipse.jetty.server.handler.ScopedHandler.handle(ScopedHandler.java:143) [ngrinder-controller-3.4.war:na]
	at org.eclipse.jetty.security.SecurityHandler.handle(SecurityHandler.java:577) [ngrinder-controller-3.4.war:na]
	at org.eclipse.jetty.server.session.SessionHandler.doHandle(SessionHandler.java:223) [ngrinder-controller-3.4.war:na]
	at org.eclipse.jetty.server.handler.ContextHandler.doHandle(ContextHandler.java:1127) [ngrinder-controller-3.4.war:na]
	at org.eclipse.jetty.servlet.ServletHandler.doScope(ServletHandler.java:515) [ngrinder-controller-3.4.war:na]
	at org.eclipse.jetty.server.session.SessionHandler.doScope(SessionHandler.java:185) [ngrinder-controller-3.4.war:na]
	at org.eclipse.jetty.server.handler.ContextHandler.doScope(ContextHandler.java:1061) [ngrinder-controller-3.4.war:na]
	at org.eclipse.jetty.server.handler.ScopedHandler.handle(ScopedHandler.java:141) [ngrinder-controller-3.4.war:na]
	at org.eclipse.jetty.server.handler.HandlerWrapper.handle(HandlerWrapper.java:97) [ngrinder-controller-3.4.war:na]
	at org.eclipse.jetty.server.Server.handle(Server.java:499) [ngrinder-controller-3.4.war:na]
	at org.eclipse.jetty.server.HttpChannel.handle(HttpChannel.java:311) [ngrinder-controller-3.4.war:na]
	at org.eclipse.jetty.server.HttpConnection.onFillable(HttpConnection.java:257) [ngrinder-controller-3.4.war:na]
	at org.eclipse.jetty.io.AbstractConnection$2.run(AbstractConnection.java:544) [ngrinder-controller-3.4.war:na]
	at org.eclipse.jetty.util.thread.QueuedThreadPool.runJob(QueuedThreadPool.java:635) [ngrinder-controller-3.4.war:na]
	at org.eclipse.jetty.util.thread.QueuedThreadPool$3.run(QueuedThreadPool.java:555) [ngrinder-controller-3.4.war:na]
	at java.lang.Thread.run(Thread.java:745) [na:1.8.0_92]
2021-11-07 05:29:09,880 WARN  Redirect404DispatcherServlet.java:64 : No mapping found for HTTP request with URI [/favicon.ico] in DispatcherServlet with name 'appServlet'
2021-11-07 05:31:01,753 ERROR FileEntryRepository.java:356 : Error while saving file to SVN
org.tmatesoft.svn.core.SVNException: svn: E204899: Cannot rename file '/opt/ngrinder-controller/repos/admin/db/transactions/0-2x.txn/props.46e8e0f8-7c01-0010-94c2-2d848f252c44.tmp' to '/opt/ngrinder-controller/repos/admin/db/transactions/0-2x.txn/props'
	at org.tmatesoft.svn.core.internal.wc.SVNErrorManager.error(SVNErrorManager.java:64) ~[svnkit-1.8.3-scm1.jar:na]
	at org.tmatesoft.svn.core.internal.wc.SVNFileUtil.rename(SVNFileUtil.java:737) ~[svnkit-1.8.3-scm1.jar:na]
	at org.tmatesoft.svn.core.internal.wc.SVNWCProperties.setPropertyValue(SVNWCProperties.java:287) ~[svnkit-1.8.3-scm1.jar:na]
	at org.tmatesoft.svn.core.internal.wc.SVNWCProperties.setPropertyValue(SVNWCProperties.java:265) ~[svnkit-1.8.3-scm1.jar:na]
	at org.tmatesoft.svn.core.internal.io.fs.FSFS.setTransactionProperty(FSFS.java:1117) ~[svnkit-1.8.3-scm1.jar:na]
	at org.tmatesoft.svn.core.internal.io.fs.FSTransactionRoot.beginTransaction(FSTransactionRoot.java:188) ~[svnkit-1.8.3-scm1.jar:na]
	at org.tmatesoft.svn.core.internal.io.fs.FSTransactionRoot.beginTransactionForCommit(FSTransactionRoot.java:173) ~[svnkit-1.8.3-scm1.jar:na]
	at org.tmatesoft.svn.core.internal.io.fs.FSCommitEditor.openRoot(FSCommitEditor.java:94) ~[svnkit-1.8.3-scm1.jar:na]
	at org.ngrinder.script.repository.FileEntryRepository.save(FileEntryRepository.java:311) ~[classes/:na]
	at org.ngrinder.script.service.FileEntryService.save(FileEntryService.java:248) [classes/:na]
	at org.ngrinder.script.service.FileEntryService$$FastClassBySpringCGLIB$$37087bea.invoke(<generated>) [classes/:na]
	at org.springframework.cglib.proxy.MethodProxy.invoke(MethodProxy.java:204) [spring-core-4.2.5.RELEASE.jar:4.2.5.RELEASE]
	at org.springframework.aop.framework.CglibAopProxy$DynamicAdvisedInterceptor.intercept(CglibAopProxy.java:651) [spring-aop-4.2.5.RELEASE.jar:4.2.5.RELEASE]
	at org.ngrinder.script.service.FileEntryService$$EnhancerBySpringCGLIB$$3550eed7.save(<generated>) [classes/:na]
	at org.ngrinder.script.controller.FileEntryController.save(FileEntryController.java:347) [classes/:na]
	at sun.reflect.NativeMethodAccessorImpl.invoke0(Native Method) ~[na:1.8.0_92]
	at sun.reflect.NativeMethodAccessorImpl.invoke(NativeMethodAccessorImpl.java:62) ~[na:1.8.0_92]
	at sun.reflect.DelegatingMethodAccessorImpl.invoke(DelegatingMethodAccessorImpl.java:43) ~[na:1.8.0_92]
	at java.lang.reflect.Method.invoke(Method.java:498) ~[na:1.8.0_92]
	at org.springframework.web.method.support.InvocableHandlerMethod.doInvoke(InvocableHandlerMethod.java:221) [spring-web-4.2.5.RELEASE.jar:4.2.5.RELEASE]
	at org.springframework.web.method.support.InvocableHandlerMethod.invokeForRequest(InvocableHandlerMethod.java:136) [spring-web-4.2.5.RELEASE.jar:4.2.5.RELEASE]
	at org.springframework.web.servlet.mvc.method.annotation.ServletInvocableHandlerMethod.invokeAndHandle(ServletInvocableHandlerMethod.java:110) [spring-webmvc-4.2.5.RELEASE.jar:4.2.5.RELEASE]
	at org.springframework.web.servlet.mvc.method.annotation.RequestMappingHandlerAdapter.invokeHandlerMethod(RequestMappingHandlerAdapter.java:817) [spring-webmvc-4.2.5.RELEASE.jar:4.2.5.RELEASE]
	at org.springframework.web.servlet.mvc.method.annotation.RequestMappingHandlerAdapter.handleInternal(RequestMappingHandlerAdapter.java:731) [spring-webmvc-4.2.5.RELEASE.jar:4.2.5.RELEASE]
	at org.springframework.web.servlet.mvc.method.AbstractHandlerMethodAdapter.handle(AbstractHandlerMethodAdapter.java:85) [spring-webmvc-4.2.5.RELEASE.jar:4.2.5.RELEASE]
	at org.springframework.web.servlet.DispatcherServlet.doDispatch(DispatcherServlet.java:959) [spring-webmvc-4.2.5.RELEASE.jar:4.2.5.RELEASE]
	at org.springframework.web.servlet.DispatcherServlet.doService(DispatcherServlet.java:893) [spring-webmvc-4.2.5.RELEASE.jar:4.2.5.RELEASE]
	at org.springframework.web.servlet.FrameworkServlet.processRequest(FrameworkServlet.java:968) [spring-webmvc-4.2.5.RELEASE.jar:4.2.5.RELEASE]
	at org.springframework.web.servlet.FrameworkServlet.doPost(FrameworkServlet.java:870) [spring-webmvc-4.2.5.RELEASE.jar:4.2.5.RELEASE]
	at javax.servlet.http.HttpServlet.service(HttpServlet.java:707) [ngrinder-controller-3.4.war:na]
	at org.springframework.web.servlet.FrameworkServlet.service(FrameworkServlet.java:844) [spring-webmvc-4.2.5.RELEASE.jar:4.2.5.RELEASE]
	at javax.servlet.http.HttpServlet.service(HttpServlet.java:790) [ngrinder-controller-3.4.war:na]
	at org.eclipse.jetty.servlet.ServletHolder.handle(ServletHolder.java:812) [ngrinder-controller-3.4.war:na]
	at org.eclipse.jetty.servlet.ServletHandler$CachedChain.doFilter(ServletHandler.java:1669) [ngrinder-controller-3.4.war:na]
	at org.springframework.security.web.FilterChainProxy$VirtualFilterChain.doFilter(FilterChainProxy.java:316) [spring-security-web-4.0.4.RELEASE.jar:4.0.4.RELEASE]
	at org.springframework.security.web.access.intercept.FilterSecurityInterceptor.invoke(FilterSecurityInterceptor.java:126) [spring-security-web-4.0.4.RELEASE.jar:4.0.4.RELEASE]
	at org.springframework.security.web.access.intercept.FilterSecurityInterceptor.doFilter(FilterSecurityInterceptor.java:90) [spring-security-web-4.0.4.RELEASE.jar:4.0.4.RELEASE]
	at org.springframework.security.web.FilterChainProxy$VirtualFilterChain.doFilter(FilterChainProxy.java:330) [spring-security-web-4.0.4.RELEASE.jar:4.0.4.RELEASE]
	at org.springframework.security.web.access.ExceptionTranslationFilter.doFilter(ExceptionTranslationFilter.java:114) [spring-security-web-4.0.4.RELEASE.jar:4.0.4.RELEASE]
	at org.springframework.security.web.FilterChainProxy$VirtualFilterChain.doFilter(FilterChainProxy.java:330) [spring-security-web-4.0.4.RELEASE.jar:4.0.4.RELEASE]
	at org.springframework.security.web.session.SessionManagementFilter.doFilter(SessionManagementFilter.java:122) [spring-security-web-4.0.4.RELEASE.jar:4.0.4.RELEASE]
	at org.springframework.security.web.FilterChainProxy$VirtualFilterChain.doFilter(FilterChainProxy.java:330) [spring-security-web-4.0.4.RELEASE.jar:4.0.4.RELEASE]
	at org.springframework.security.web.authentication.AnonymousAuthenticationFilter.doFilter(AnonymousAuthenticationFilter.java:111) [spring-security-web-4.0.4.RELEASE.jar:4.0.4.RELEASE]
	at org.springframework.security.web.FilterChainProxy$VirtualFilterChain.doFilter(FilterChainProxy.java:330) [spring-security-web-4.0.4.RELEASE.jar:4.0.4.RELEASE]
	at org.springframework.security.web.authentication.rememberme.RememberMeAuthenticationFilter.doFilter(RememberMeAuthenticationFilter.java:157) [spring-security-web-4.0.4.RELEASE.jar:4.0.4.RELEASE]
	at org.springframework.security.web.FilterChainProxy$VirtualFilterChain.doFilter(FilterChainProxy.java:330) [spring-security-web-4.0.4.RELEASE.jar:4.0.4.RELEASE]
	at org.springframework.security.web.servletapi.SecurityContextHolderAwareRequestFilter.doFilter(SecurityContextHolderAwareRequestFilter.java:169) [spring-security-web-4.0.4.RELEASE.jar:4.0.4.RELEASE]
	at org.springframework.security.web.FilterChainProxy$VirtualFilterChain.doFilter(FilterChainProxy.java:330) [spring-security-web-4.0.4.RELEASE.jar:4.0.4.RELEASE]
	at org.springframework.security.web.savedrequest.RequestCacheAwareFilter.doFilter(RequestCacheAwareFilter.java:48) [spring-security-web-4.0.4.RELEASE.jar:4.0.4.RELEASE]
	at org.springframework.security.web.FilterChainProxy$VirtualFilterChain.doFilter(FilterChainProxy.java:330) [spring-security-web-4.0.4.RELEASE.jar:4.0.4.RELEASE]
	at org.springframework.security.web.authentication.www.BasicAuthenticationFilter.doFilterInternal(BasicAuthenticationFilter.java:158) [spring-security-web-4.0.4.RELEASE.jar:4.0.4.RELEASE]
	at org.springframework.web.filter.OncePerRequestFilter.doFilter(OncePerRequestFilter.java:107) [spring-web-4.2.5.RELEASE.jar:4.2.5.RELEASE]
	at org.springframework.security.web.FilterChainProxy$VirtualFilterChain.doFilter(FilterChainProxy.java:330) [spring-security-web-4.0.4.RELEASE.jar:4.0.4.RELEASE]
	at org.springframework.security.web.authentication.AbstractAuthenticationProcessingFilter.doFilter(AbstractAuthenticationProcessingFilter.java:205) [spring-security-web-4.0.4.RELEASE.jar:4.0.4.RELEASE]
	at org.springframework.security.web.FilterChainProxy$VirtualFilterChain.doFilter(FilterChainProxy.java:330) [spring-security-web-4.0.4.RELEASE.jar:4.0.4.RELEASE]
	at org.springframework.web.filter.CompositeFilter$VirtualFilterChain.doFilter(CompositeFilter.java:107) [spring-web-4.2.5.RELEASE.jar:4.2.5.RELEASE]
	at org.springframework.web.filter.CompositeFilter.doFilter(CompositeFilter.java:73) [spring-web-4.2.5.RELEASE.jar:4.2.5.RELEASE]
	at org.ngrinder.security.PluggablePreAuthFilter.doFilter(PluggablePreAuthFilter.java:69) [classes/:na]
	at org.springframework.security.web.FilterChainProxy$VirtualFilterChain.doFilter(FilterChainProxy.java:330) [spring-security-web-4.0.4.RELEASE.jar:4.0.4.RELEASE]
	at org.springframework.security.web.authentication.logout.LogoutFilter.doFilter(LogoutFilter.java:120) [spring-security-web-4.0.4.RELEASE.jar:4.0.4.RELEASE]
	at org.springframework.security.web.FilterChainProxy$VirtualFilterChain.doFilter(FilterChainProxy.java:330) [spring-security-web-4.0.4.RELEASE.jar:4.0.4.RELEASE]
	at org.springframework.security.web.header.HeaderWriterFilter.doFilterInternal(HeaderWriterFilter.java:64) [spring-security-web-4.0.4.RELEASE.jar:4.0.4.RELEASE]
	at org.springframework.web.filter.OncePerRequestFilter.doFilter(OncePerRequestFilter.java:107) [spring-web-4.2.5.RELEASE.jar:4.2.5.RELEASE]
	at org.springframework.security.web.FilterChainProxy$VirtualFilterChain.doFilter(FilterChainProxy.java:330) [spring-security-web-4.0.4.RELEASE.jar:4.0.4.RELEASE]
	at org.springframework.security.web.context.request.async.WebAsyncManagerIntegrationFilter.doFilterInternal(WebAsyncManagerIntegrationFilter.java:53) [spring-security-web-4.0.4.RELEASE.jar:4.0.4.RELEASE]
	at org.springframework.web.filter.OncePerRequestFilter.doFilter(OncePerRequestFilter.java:107) [spring-web-4.2.5.RELEASE.jar:4.2.5.RELEASE]
	at org.springframework.security.web.FilterChainProxy$VirtualFilterChain.doFilter(FilterChainProxy.java:330) [spring-security-web-4.0.4.RELEASE.jar:4.0.4.RELEASE]
	at org.springframework.security.web.context.SecurityContextPersistenceFilter.doFilter(SecurityContextPersistenceFilter.java:91) [spring-security-web-4.0.4.RELEASE.jar:4.0.4.RELEASE]
	at org.springframework.security.web.FilterChainProxy$VirtualFilterChain.doFilter(FilterChainProxy.java:330) [spring-security-web-4.0.4.RELEASE.jar:4.0.4.RELEASE]
	at org.springframework.security.web.FilterChainProxy.doFilterInternal(FilterChainProxy.java:213) [spring-security-web-4.0.4.RELEASE.jar:4.0.4.RELEASE]
	at org.springframework.security.web.FilterChainProxy.doFilter(FilterChainProxy.java:176) [spring-security-web-4.0.4.RELEASE.jar:4.0.4.RELEASE]
	at org.springframework.web.filter.DelegatingFilterProxy.invokeDelegate(DelegatingFilterProxy.java:346) [spring-web-4.2.5.RELEASE.jar:4.2.5.RELEASE]
	at org.springframework.web.filter.DelegatingFilterProxy.doFilter(DelegatingFilterProxy.java:262) [spring-web-4.2.5.RELEASE.jar:4.2.5.RELEASE]
	at org.eclipse.jetty.servlet.ServletHandler$CachedChain.doFilter(ServletHandler.java:1652) [ngrinder-controller-3.4.war:na]
	at org.springframework.web.filter.CompositeFilter$VirtualFilterChain.doFilter(CompositeFilter.java:107) [spring-web-4.2.5.RELEASE.jar:4.2.5.RELEASE]
	at org.springframework.web.filter.CompositeFilter.doFilter(CompositeFilter.java:73) [spring-web-4.2.5.RELEASE.jar:4.2.5.RELEASE]
	at org.ngrinder.infra.servlet.PluggableServletFilter.doFilter(PluggableServletFilter.java:70) [classes/:na]
	at org.springframework.web.filter.DelegatingFilterProxy.invokeDelegate(DelegatingFilterProxy.java:346) [spring-web-4.2.5.RELEASE.jar:4.2.5.RELEASE]
	at org.springframework.web.filter.DelegatingFilterProxy.doFilter(DelegatingFilterProxy.java:262) [spring-web-4.2.5.RELEASE.jar:4.2.5.RELEASE]
	at org.eclipse.jetty.servlet.ServletHandler$CachedChain.doFilter(ServletHandler.java:1652) [ngrinder-controller-3.4.war:na]
	at org.springframework.web.filter.HiddenHttpMethodFilter.doFilterInternal(HiddenHttpMethodFilter.java:77) [spring-web-4.2.5.RELEASE.jar:4.2.5.RELEASE]
	at org.springframework.web.filter.OncePerRequestFilter.doFilter(OncePerRequestFilter.java:107) [spring-web-4.2.5.RELEASE.jar:4.2.5.RELEASE]
	at org.eclipse.jetty.servlet.ServletHandler$CachedChain.doFilter(ServletHandler.java:1652) [ngrinder-controller-3.4.war:na]
	at org.springframework.orm.jpa.support.OpenEntityManagerInViewFilter.doFilterInternal(OpenEntityManagerInViewFilter.java:178) [spring-orm-4.2.5.RELEASE.jar:4.2.5.RELEASE]
	at org.springframework.web.filter.OncePerRequestFilter.doFilter(OncePerRequestFilter.java:107) [spring-web-4.2.5.RELEASE.jar:4.2.5.RELEASE]
	at org.eclipse.jetty.servlet.ServletHandler$CachedChain.doFilter(ServletHandler.java:1652) [ngrinder-controller-3.4.war:na]
	at org.springframework.web.filter.HttpPutFormContentFilter.doFilterInternal(HttpPutFormContentFilter.java:87) [spring-web-4.2.5.RELEASE.jar:4.2.5.RELEASE]
	at org.springframework.web.filter.OncePerRequestFilter.doFilter(OncePerRequestFilter.java:107) [spring-web-4.2.5.RELEASE.jar:4.2.5.RELEASE]
	at org.eclipse.jetty.servlet.ServletHandler$CachedChain.doFilter(ServletHandler.java:1652) [ngrinder-controller-3.4.war:na]
	at com.navercorp.lucy.security.xss.servletfilter.XssEscapeServletFilter.doFilter(XssEscapeServletFilter.java:36) [lucy-xss-servlet-2.0.0.jar:na]
	at org.eclipse.jetty.servlet.ServletHandler$CachedChain.doFilter(ServletHandler.java:1652) [ngrinder-controller-3.4.war:na]
	at org.springframework.web.filter.CharacterEncodingFilter.doFilterInternal(CharacterEncodingFilter.java:121) [spring-web-4.2.5.RELEASE.jar:4.2.5.RELEASE]
	at org.springframework.web.filter.OncePerRequestFilter.doFilter(OncePerRequestFilter.java:107) [spring-web-4.2.5.RELEASE.jar:4.2.5.RELEASE]
	at org.eclipse.jetty.servlet.ServletHandler$CachedChain.doFilter(ServletHandler.java:1652) [ngrinder-controller-3.4.war:na]
	at org.eclipse.jetty.servlet.ServletHandler.doHandle(ServletHandler.java:585) [ngrinder-controller-3.4.war:na]
	at org.eclipse.jetty.server.handler.ScopedHandler.handle(ScopedHandler.java:143) [ngrinder-controller-3.4.war:na]
	at org.eclipse.jetty.security.SecurityHandler.handle(SecurityHandler.java:577) [ngrinder-controller-3.4.war:na]
	at org.eclipse.jetty.server.session.SessionHandler.doHandle(SessionHandler.java:223) [ngrinder-controller-3.4.war:na]
	at org.eclipse.jetty.server.handler.ContextHandler.doHandle(ContextHandler.java:1127) [ngrinder-controller-3.4.war:na]
	at org.eclipse.jetty.servlet.ServletHandler.doScope(ServletHandler.java:515) [ngrinder-controller-3.4.war:na]
	at org.eclipse.jetty.server.session.SessionHandler.doScope(SessionHandler.java:185) [ngrinder-controller-3.4.war:na]
	at org.eclipse.jetty.server.handler.ContextHandler.doScope(ContextHandler.java:1061) [ngrinder-controller-3.4.war:na]
	at org.eclipse.jetty.server.handler.ScopedHandler.handle(ScopedHandler.java:141) [ngrinder-controller-3.4.war:na]
	at org.eclipse.jetty.server.handler.HandlerWrapper.handle(HandlerWrapper.java:97) [ngrinder-controller-3.4.war:na]
	at org.eclipse.jetty.server.Server.handle(Server.java:499) [ngrinder-controller-3.4.war:na]
	at org.eclipse.jetty.server.HttpChannel.handle(HttpChannel.java:311) [ngrinder-controller-3.4.war:na]
	at org.eclipse.jetty.server.HttpConnection.onFillable(HttpConnection.java:257) [ngrinder-controller-3.4.war:na]
	at org.eclipse.jetty.io.AbstractConnection$2.run(AbstractConnection.java:544) [ngrinder-controller-3.4.war:na]
	at org.eclipse.jetty.util.thread.QueuedThreadPool.runJob(QueuedThreadPool.java:635) [ngrinder-controller-3.4.war:na]
	at org.eclipse.jetty.util.thread.QueuedThreadPool$3.run(QueuedThreadPool.java:555) [ngrinder-controller-3.4.war:na]
	at java.lang.Thread.run(Thread.java:745) [na:1.8.0_92]
